<?xml version="1.0" encoding="UTF-8"?>
<!-- Generated by org.testng.reporters.JUnitReportReporter -->
<testsuite skipped="0" hostname="MyDellLaptop" name="fileDownload.FileDownload" tests="1" failures="0" timestamp="17 Jul 2018 14:06:22 GMT" time="44.272" errors="0">
  <testcase name="downloadFile" time="44.272" classname="fileDownload.FileDownload"/>
</testsuite> <!-- fileDownload.FileDownload -->
